<?xml version="1.0" encoding="UTF-8"?>
<testsuite name="com.kodi.script.KodiScriptTest" tests="14" skipped="0" failures="0" errors="0" timestamp="2025-12-21T20:42:21.935Z" hostname="ATLANTIS" time="0.037">
  <properties/>
  <testcase name="test native functions()" classname="com.kodi.script.KodiScriptTest" time="0.015"/>
  <testcase name="test eval throws on error()" classname="com.kodi.script.KodiScriptTest" time="0.001"/>
  <testcase name="test if statement()" classname="com.kodi.script.KodiScriptTest" time="0.009"/>
  <testcase name="test basic variable declaration()" classname="com.kodi.script.KodiScriptTest" time="0.0"/>
  <testcase name="test null-safety elvis operator()" classname="com.kodi.script.KodiScriptTest" time="0.0"/>
  <testcase name="test optional semicolons()" classname="com.kodi.script.KodiScriptTest" time="0.001"/>
  <testcase name="test arithmetic operations()" classname="com.kodi.script.KodiScriptTest" time="0.002"/>
  <testcase name="test host variables()" classname="com.kodi.script.KodiScriptTest" time="0.0"/>
  <testcase name="test multiline expression()" classname="com.kodi.script.KodiScriptTest" time="0.001"/>
  <testcase name="test print output()" classname="com.kodi.script.KodiScriptTest" time="0.0"/>
  <testcase name="test string concatenation()" classname="com.kodi.script.KodiScriptTest" time="0.001"/>
  <testcase name="test boolean logic()" classname="com.kodi.script.KodiScriptTest" time="0.0"/>
  <testcase name="test builder pattern with custom function()" classname="com.kodi.script.KodiScriptTest" time="0.0"/>
  <testcase name="test safe access on null()" classname="com.kodi.script.KodiScriptTest" time="0.001"/>
  <system-out><![CDATA[]]></system-out>
  <system-err><![CDATA[]]></system-err>
</testsuite>
